build/app/intermediates/manifest_merge_blame_file/debug/manifest-merger-blame-debug-report.txt
1<?xml version="1.0" encoding="utf-8"?>
2<manifest xmlns:android="http://schemas.android.com/apk/res/android"
3    package="com.mashtoc.mashtoc"
4    android:versionCode="1"
5    android:versionName="1.0.0" >
6
7    <uses-sdk
8        android:minSdkVersion="21"
9        android:targetSdkVersion="31" />
10    <!--
11         Flutter needs it to communicate with the running application
12         to allow setting breakpoints, to provide hot reload, etc.
13    -->
14    <uses-permission android:name="android.permission.INTERNET" />
14-->src/main/AndroidManifest.xml:4:5-66
14-->src/main/AndroidManifest.xml:4:22-64
15    <uses-permission android:name="android.permission.WAKE_LOCK" />
15-->src/main/AndroidManifest.xml:5:5-68
15-->src/main/AndroidManifest.xml:5:22-65
16    <uses-permission android:name="android.permission.FOREGROUND_SERVICE" />
16-->src/main/AndroidManifest.xml:71:5-77
16-->src/main/AndroidManifest.xml:71:22-74
17    <uses-permission android:name="android.permission.ACCESS_NETWORK_STATE" /> <!-- Permissions options for the `notification` group -->
17-->[:firebase_messaging] AndroidManifest.xml:11:5-79
17-->[:firebase_messaging] AndroidManifest.xml:11:22-76
18    <uses-permission android:name="android.permission.POST_NOTIFICATIONS" />
18-->[:firebase_messaging] AndroidManifest.xml:13:5-77
18-->[:firebase_messaging] AndroidManifest.xml:13:22-74
19    <uses-permission android:name="android.permission.RECEIVE_BOOT_COMPLETED" />
19-->[:flutter_local_notifications] AndroidManifest.xml:9:5-81
19-->[:flutter_local_notifications] AndroidManifest.xml:9:22-78
20    <uses-permission android:name="android.permission.VIBRATE" />
20-->[:flutter_local_notifications] AndroidManifest.xml:10:5-66
20-->[:flutter_local_notifications] AndroidManifest.xml:10:22-63
21    <uses-permission android:name="android.permission.USE_FULL_SCREEN_INTENT" />
21-->[:flutter_local_notifications] AndroidManifest.xml:11:5-81
21-->[:flutter_local_notifications] AndroidManifest.xml:11:22-78
22    <uses-permission android:name="android.permission.SCHEDULE_EXACT_ALARM" />
22-->[:flutter_local_notifications] AndroidManifest.xml:12:5-79
22-->[:flutter_local_notifications] AndroidManifest.xml:12:22-76
23    <uses-permission android:name="android.permission.WRITE_EXTERNAL_STORAGE" />
23-->[:flutter_share_me] AndroidManifest.xml:10:5-81
23-->[:flutter_share_me] AndroidManifest.xml:10:22-78
24
25    <queries>
25-->[:flutter_share_me] AndroidManifest.xml:12:5-14:15
26        <package android:name="com.instagram.android" />
26-->[:flutter_share_me] AndroidManifest.xml:13:9-57
26-->[:flutter_share_me] AndroidManifest.xml:13:18-54
27
28        <intent>
28-->[:flutter_inappwebview] AndroidManifest.xml:10:9-12:18
29            <action android:name="android.support.customtabs.action.CustomTabsService" />
29-->[:flutter_inappwebview] AndroidManifest.xml:11:13-90
29-->[:flutter_inappwebview] AndroidManifest.xml:11:21-87
30        </intent>
31
32        <package android:name="com.facebook.katana" />
32-->[com.facebook.android:facebook-common:16.0.0] AndroidManifest.xml:18:9-55
32-->[com.facebook.android:facebook-common:16.0.0] AndroidManifest.xml:18:18-52
33    </queries>
34
35    <uses-permission android:name="android.permission.READ_EXTERNAL_STORAGE" /> <!-- Required by older versions of Google Play services to create IID tokens -->
36    <uses-permission android:name="com.google.android.c2dm.permission.RECEIVE" />
36-->[com.google.firebase:firebase-iid:21.1.0] AndroidManifest.xml:26:5-82
36-->[com.google.firebase:firebase-iid:21.1.0] AndroidManifest.xml:26:22-79
37    <uses-permission android:name="com.google.android.gms.permission.AD_ID" />
37-->[com.google.android.gms:play-services-measurement-api:21.2.0] AndroidManifest.xml:25:5-79
37-->[com.google.android.gms:play-services-measurement-api:21.2.0] AndroidManifest.xml:25:22-76
38    <uses-permission android:name="com.google.android.finsky.permission.BIND_GET_INSTALL_REFERRER_SERVICE" />
38-->[com.google.android.gms:play-services-measurement:21.2.0] AndroidManifest.xml:26:5-110
38-->[com.google.android.gms:play-services-measurement:21.2.0] AndroidManifest.xml:26:22-107
39
40    <permission
40-->[androidx.core:core:1.9.0] AndroidManifest.xml:22:5-24:47
41        android:name="com.mashtoc.mashtoc.DYNAMIC_RECEIVER_NOT_EXPORTED_PERMISSION"
41-->[androidx.core:core:1.9.0] AndroidManifest.xml:23:9-81
42        android:protectionLevel="signature" />
42-->[androidx.core:core:1.9.0] AndroidManifest.xml:24:9-44
43
44    <uses-permission android:name="com.mashtoc.mashtoc.DYNAMIC_RECEIVER_NOT_EXPORTED_PERMISSION" />
44-->[androidx.core:core:1.9.0] AndroidManifest.xml:26:5-97
44-->[androidx.core:core:1.9.0] AndroidManifest.xml:26:22-94
45    <!--
46 <queries>
47          <provider android:authorities="com.facebook.katana.provider.Platformprovider"/>
48    </queries>
49    -->
50    <application
51        android:name="android.app.Application"
52        android:appComponentFactory="androidx.core.app.CoreComponentFactory"
52-->[androidx.core:core:1.9.0] AndroidManifest.xml:28:18-86
53        android:debuggable="true"
54        android:icon="@mipmap/ic_launcher"
55        android:label="Mashtoz"
56        android:supportsRtl="true"
56-->[com.facebook.android:facebook-login:16.0.0] AndroidManifest.xml:16:18-44
57        android:usesCleartextTraffic="true" >
58        <meta-data
59            android:name="com.facebook.sdk.ApplicationId"
60            android:value="@string/facebook_app_id" />
61        <meta-data
62            android:name="com.facebook.sdk.ClientToken"
63            android:value="@string/facebook_client_token" />
64
65        <activity
66            android:name="com.facebook.FacebookActivity"
67            android:configChanges="keyboard|keyboardHidden|screenLayout|screenSize|orientation"
68            android:label="@string/app_name"
69            android:theme="@style/com_facebook_activity_theme" />
69-->[com.facebook.android:facebook-common:16.0.0] AndroidManifest.xml:25:13-63
70        <activity
71            android:name="com.facebook.CustomTabActivity"
72            android:exported="true" >
73            <intent-filter>
74                <action android:name="android.intent.action.VIEW" />
74-->[com.facebook.android:facebook-common:16.0.0] AndroidManifest.xml:32:17-69
74-->[com.facebook.android:facebook-common:16.0.0] AndroidManifest.xml:32:25-66
75
76                <category android:name="android.intent.category.DEFAULT" />
76-->[com.facebook.android:facebook-common:16.0.0] AndroidManifest.xml:34:17-76
76-->[com.facebook.android:facebook-common:16.0.0] AndroidManifest.xml:34:27-73
77                <category android:name="android.intent.category.BROWSABLE" />
77-->[com.facebook.android:facebook-common:16.0.0] AndroidManifest.xml:35:17-78
77-->[com.facebook.android:facebook-common:16.0.0] AndroidManifest.xml:35:27-75
78
79                <data android:scheme="@string/fb_login_protocol_scheme" />
79-->[com.facebook.android:facebook-common:16.0.0] AndroidManifest.xml:37:17-39:50
79-->[com.facebook.android:facebook-common:16.0.0] AndroidManifest.xml:39:21-47
80            </intent-filter>
81            <intent-filter>
81-->[com.facebook.android:facebook-common:16.0.0] AndroidManifest.xml:31:13-40:29
82                <action android:name="android.intent.action.VIEW" />
82-->[com.facebook.android:facebook-common:16.0.0] AndroidManifest.xml:32:17-69
82-->[com.facebook.android:facebook-common:16.0.0] AndroidManifest.xml:32:25-66
83
84                <category android:name="android.intent.category.DEFAULT" />
84-->[com.facebook.android:facebook-common:16.0.0] AndroidManifest.xml:34:17-76
84-->[com.facebook.android:facebook-common:16.0.0] AndroidManifest.xml:34:27-73
85                <category android:name="android.intent.category.BROWSABLE" />
85-->[com.facebook.android:facebook-common:16.0.0] AndroidManifest.xml:35:17-78
85-->[com.facebook.android:facebook-common:16.0.0] AndroidManifest.xml:35:27-75
86
87                <data
87-->[com.facebook.android:facebook-common:16.0.0] AndroidManifest.xml:37:17-39:50
88                    android:host="cct.com.mashtoc.mashtoc"
88-->[com.facebook.android:facebook-common:16.0.0] AndroidManifest.xml:38:21-56
89                    android:scheme="fbconnect" />
89-->[com.facebook.android:facebook-common:16.0.0] AndroidManifest.xml:39:21-47
90            </intent-filter>
91        </activity>
92        <activity
93            android:name="com.mashtoc.mashtoc.MainActivity"
94            android:configChanges="orientation|keyboardHidden|keyboard|screenSize|smallestScreenSize|locale|layoutDirection|fontScale|screenLayout|density|uiMode"
95            android:exported="true"
96            android:hardwareAccelerated="true"
97            android:launchMode="singleTop"
98            android:showWhenLocked="true"
99            android:theme="@style/LaunchTheme"
100            android:turnScreenOn="true"
101            android:windowSoftInputMode="adjustResize" >
102
103            <!--
104                 Specifies an Android theme to apply to this Activity as soon as
105                 the Android process has started. This theme is visible to the user
106                 while the Flutter UI initializes. After that, this theme continues
107                 to determine the Window background behind the Flutter UI.
108            -->
109            <meta-data
110                android:name="io.flutter.embedding.android.NormalTheme"
111                android:resource="@style/NormalTheme" />
112
113            <intent-filter>
114                <action android:name="android.intent.action.MAIN" />
115
116                <category android:name="android.intent.category.LAUNCHER" />
117            </intent-filter>
118        </activity>
119        <!--
120             Don't delete the meta-data below.
121             This is used by the Flutter tool to generate GeneratedPluginRegistrant.java
122        -->
123        <meta-data
124            android:name="flutterEmbedding"
125            android:value="2" />
126
127        <service
128            android:name="com.dexterous.flutterlocalnotifications.ForegroundService"
129            android:exported="false"
130            android:stopWithTask="false" />
131        <service
131-->[:firebase_messaging] AndroidManifest.xml:16:9-19:72
132            android:name="io.flutter.plugins.firebase.messaging.FlutterFirebaseMessagingBackgroundService"
132-->[:firebase_messaging] AndroidManifest.xml:17:13-107
133            android:exported="false"
133-->[:firebase_messaging] AndroidManifest.xml:18:13-37
134            android:permission="android.permission.BIND_JOB_SERVICE" />
134-->[:firebase_messaging] AndroidManifest.xml:19:13-69
135        <service
135-->[:firebase_messaging] AndroidManifest.xml:20:9-26:19
136            android:name="io.flutter.plugins.firebase.messaging.FlutterFirebaseMessagingService"
136-->[:firebase_messaging] AndroidManifest.xml:21:13-97
137            android:exported="false" >
137-->[:firebase_messaging] AndroidManifest.xml:22:13-37
138            <intent-filter>
138-->[:firebase_messaging] AndroidManifest.xml:23:13-25:29
139                <action android:name="com.google.firebase.MESSAGING_EVENT" />
139-->[:firebase_messaging] AndroidManifest.xml:24:17-78
139-->[:firebase_messaging] AndroidManifest.xml:24:25-75
140            </intent-filter>
141        </service>
142
143        <receiver
143-->[:firebase_messaging] AndroidManifest.xml:28:9-35:20
144            android:name="io.flutter.plugins.firebase.messaging.FlutterFirebaseMessagingReceiver"
144-->[:firebase_messaging] AndroidManifest.xml:29:13-98
145            android:exported="true"
145-->[:firebase_messaging] AndroidManifest.xml:30:13-36
146            android:permission="com.google.android.c2dm.permission.SEND" >
146-->[:firebase_messaging] AndroidManifest.xml:31:13-73
147            <intent-filter>
147-->[:firebase_messaging] AndroidManifest.xml:32:13-34:29
148                <action android:name="com.google.android.c2dm.intent.RECEIVE" />
148-->[:firebase_messaging] AndroidManifest.xml:33:17-81
148-->[:firebase_messaging] AndroidManifest.xml:33:25-78
149            </intent-filter>
150        </receiver>
151
152        <service
152-->[:firebase_messaging] AndroidManifest.xml:37:9-41:19
153            android:name="com.google.firebase.components.ComponentDiscoveryService"
153-->[:firebase_messaging] AndroidManifest.xml:37:18-89
154            android:directBootAware="true"
154-->[com.google.firebase:firebase-common:20.3.0] AndroidManifest.xml:34:13-43
155            android:exported="false" >
155-->[com.google.firebase:firebase-auth:21.1.0] AndroidManifest.xml:66:13-37
156            <meta-data
156-->[:firebase_messaging] AndroidManifest.xml:38:13-40:85
157                android:name="com.google.firebase.components:io.flutter.plugins.firebase.messaging.FlutterFirebaseAppRegistrar"
157-->[:firebase_messaging] AndroidManifest.xml:39:17-128
158                android:value="com.google.firebase.components.ComponentRegistrar" />
158-->[:firebase_messaging] AndroidManifest.xml:40:17-82
159            <meta-data
159-->[:cloud_functions] AndroidManifest.xml:14:13-16:85
160                android:name="com.google.firebase.components:io.flutter.plugins.firebase.functions.FlutterFirebaseAppRegistrar"
160-->[:cloud_functions] AndroidManifest.xml:15:17-128
161                android:value="com.google.firebase.components.ComponentRegistrar" />
161-->[:cloud_functions] AndroidManifest.xml:16:17-82
162            <meta-data
162-->[:firebase_auth] AndroidManifest.xml:11:13-13:85
163                android:name="com.google.firebase.components:io.flutter.plugins.firebase.auth.FlutterFirebaseAuthRegistrar"
163-->[:firebase_auth] AndroidManifest.xml:12:17-124
164                android:value="com.google.firebase.components.ComponentRegistrar" />
164-->[:firebase_auth] AndroidManifest.xml:13:17-82
165            <meta-data
165-->[:firebase_core] AndroidManifest.xml:11:13-13:85
166                android:name="com.google.firebase.components:io.flutter.plugins.firebase.core.FlutterFirebaseCoreRegistrar"
166-->[:firebase_core] AndroidManifest.xml:12:17-124
167                android:value="com.google.firebase.components.ComponentRegistrar" />
167-->[:firebase_core] AndroidManifest.xml:13:17-82
168            <meta-data
168-->[com.google.firebase:firebase-auth:21.1.0] AndroidManifest.xml:67:13-69:85
169                android:name="com.google.firebase.components:com.google.firebase.auth.FirebaseAuthRegistrar"
169-->[com.google.firebase:firebase-auth:21.1.0] AndroidManifest.xml:68:17-109
170                android:value="com.google.firebase.components.ComponentRegistrar" />
170-->[com.google.firebase:firebase-auth:21.1.0] AndroidManifest.xml:69:17-82
171            <meta-data
171-->[com.google.firebase:firebase-functions:20.2.2] AndroidManifest.xml:17:13-19:85
172                android:name="com.google.firebase.components:com.google.firebase.functions.FunctionsRegistrar"
172-->[com.google.firebase:firebase-functions:20.2.2] AndroidManifest.xml:18:17-111
173                android:value="com.google.firebase.components.ComponentRegistrar" />
173-->[com.google.firebase:firebase-functions:20.2.2] AndroidManifest.xml:19:17-82
174            <meta-data
174-->[com.google.firebase:firebase-iid:21.1.0] AndroidManifest.xml:32:13-34:85
175                android:name="com.google.firebase.components:com.google.firebase.iid.Registrar"
175-->[com.google.firebase:firebase-iid:21.1.0] AndroidManifest.xml:33:17-96
176                android:value="com.google.firebase.components.ComponentRegistrar" />
176-->[com.google.firebase:firebase-iid:21.1.0] AndroidManifest.xml:34:17-82
177            <meta-data
177-->[com.google.firebase:firebase-messaging:23.1.1] AndroidManifest.xml:55:13-57:85
178                android:name="com.google.firebase.components:com.google.firebase.messaging.FirebaseMessagingRegistrar"
178-->[com.google.firebase:firebase-messaging:23.1.1] AndroidManifest.xml:56:17-119
179                android:value="com.google.firebase.components.ComponentRegistrar" />
179-->[com.google.firebase:firebase-messaging:23.1.1] AndroidManifest.xml:57:17-82
180            <meta-data
180-->[com.google.android.gms:play-services-measurement-api:21.2.0] AndroidManifest.xml:31:13-33:85
181                android:name="com.google.firebase.components:com.google.firebase.analytics.connector.internal.AnalyticsConnectorRegistrar"
181-->[com.google.android.gms:play-services-measurement-api:21.2.0] AndroidManifest.xml:32:17-139
182                android:value="com.google.firebase.components.ComponentRegistrar" />
182-->[com.google.android.gms:play-services-measurement-api:21.2.0] AndroidManifest.xml:33:17-82
183            <meta-data
183-->[com.google.firebase:firebase-installations:17.1.2] AndroidManifest.xml:17:13-19:85
184                android:name="com.google.firebase.components:com.google.firebase.installations.FirebaseInstallationsRegistrar"
184-->[com.google.firebase:firebase-installations:17.1.2] AndroidManifest.xml:18:17-127
185                android:value="com.google.firebase.components.ComponentRegistrar" />
185-->[com.google.firebase:firebase-installations:17.1.2] AndroidManifest.xml:19:17-82
186            <meta-data
186-->[com.google.firebase:firebase-datatransport:18.1.7] AndroidManifest.xml:27:13-29:85
187                android:name="com.google.firebase.components:com.google.firebase.datatransport.TransportRegistrar"
187-->[com.google.firebase:firebase-datatransport:18.1.7] AndroidManifest.xml:28:17-115
188                android:value="com.google.firebase.components.ComponentRegistrar" />
188-->[com.google.firebase:firebase-datatransport:18.1.7] AndroidManifest.xml:29:17-82
189        </service>
190
191        <provider
191-->[:firebase_messaging] AndroidManifest.xml:43:9-47:38
192            android:name="io.flutter.plugins.firebase.messaging.FlutterFirebaseMessagingInitProvider"
192-->[:firebase_messaging] AndroidManifest.xml:44:13-102
193            android:authorities="com.mashtoc.mashtoc.flutterfirebasemessaginginitprovider"
193-->[:firebase_messaging] AndroidManifest.xml:45:13-88
194            android:exported="false"
194-->[:firebase_messaging] AndroidManifest.xml:46:13-37
195            android:initOrder="99" />
195-->[:firebase_messaging] AndroidManifest.xml:47:13-35
196
197        <receiver
197-->[:flutter_local_notifications] AndroidManifest.xml:16:9-18:40
198            android:name="com.dexterous.flutterlocalnotifications.ActionBroadcastReceiver"
198-->[:flutter_local_notifications] AndroidManifest.xml:17:13-91
199            android:exported="false" />
199-->[:flutter_local_notifications] AndroidManifest.xml:18:13-37
200        <receiver
200-->[:flutter_local_notifications] AndroidManifest.xml:19:9-21:40
201            android:name="com.dexterous.flutterlocalnotifications.ScheduledNotificationReceiver"
201-->[:flutter_local_notifications] AndroidManifest.xml:20:13-97
202            android:exported="false" />
202-->[:flutter_local_notifications] AndroidManifest.xml:21:13-37
203        <receiver
203-->[:flutter_local_notifications] AndroidManifest.xml:22:9-31:20
204            android:name="com.dexterous.flutterlocalnotifications.ScheduledNotificationBootReceiver"
204-->[:flutter_local_notifications] AndroidManifest.xml:23:13-101
205            android:exported="false" >
205-->[:flutter_local_notifications] AndroidManifest.xml:24:13-37
206            <intent-filter>
206-->[:flutter_local_notifications] AndroidManifest.xml:25:13-30:29
207                <action android:name="android.intent.action.BOOT_COMPLETED" />
207-->[:flutter_local_notifications] AndroidManifest.xml:26:17-79
207-->[:flutter_local_notifications] AndroidManifest.xml:26:25-76
208                <action android:name="android.intent.action.MY_PACKAGE_REPLACED" />
208-->[:flutter_local_notifications] AndroidManifest.xml:27:17-84
208-->[:flutter_local_notifications] AndroidManifest.xml:27:25-81
209                <action android:name="android.intent.action.QUICKBOOT_POWERON" />
209-->[:flutter_local_notifications] AndroidManifest.xml:28:17-82
209-->[:flutter_local_notifications] AndroidManifest.xml:28:25-79
210                <action android:name="com.htc.intent.action.QUICKBOOT_POWERON" />
210-->[:flutter_local_notifications] AndroidManifest.xml:29:17-82
210-->[:flutter_local_notifications] AndroidManifest.xml:29:25-79
211            </intent-filter>
212        </receiver>
213
214        <provider
214-->[:flutter_share_me] AndroidManifest.xml:17:9-25:20
215            android:name="zhuoyuan.li.fluttershareme.util.ShareFileProvider"
215-->[:flutter_share_me] AndroidManifest.xml:18:13-77
216            android:authorities="com.mashtoc.mashtoc.provider"
216-->[:flutter_share_me] AndroidManifest.xml:19:13-60
217            android:exported="false"
217-->[:flutter_share_me] AndroidManifest.xml:20:13-37
218            android:grantUriPermissions="true" >
218-->[:flutter_share_me] AndroidManifest.xml:21:13-47
219            <meta-data
219-->[:flutter_share_me] AndroidManifest.xml:22:13-24:54
220                android:name="android.support.FILE_PROVIDER_PATHS"
220-->[:flutter_share_me] AndroidManifest.xml:23:17-67
221                android:resource="@xml/file_paths" />
221-->[:flutter_share_me] AndroidManifest.xml:24:17-51
222        </provider>
223
224        <activity
224-->[:flutter_inappwebview] AndroidManifest.xml:16:9-20:47
225            android:name="com.pichillilorenzo.flutter_inappwebview.in_app_browser.InAppBrowserActivity"
225-->[:flutter_inappwebview] AndroidManifest.xml:17:13-104
226            android:configChanges="orientation|keyboardHidden|keyboard|screenSize|locale|layoutDirection|fontScale|screenLayout|density"
226-->[:flutter_inappwebview] AndroidManifest.xml:18:13-137
227            android:exported="false"
227-->[:flutter_inappwebview] AndroidManifest.xml:19:13-37
228            android:theme="@style/AppTheme" />
228-->[:flutter_inappwebview] AndroidManifest.xml:20:13-44
229        <activity
229-->[:flutter_inappwebview] AndroidManifest.xml:21:9-24:55
230            android:name="com.pichillilorenzo.flutter_inappwebview.chrome_custom_tabs.ChromeCustomTabsActivity"
230-->[:flutter_inappwebview] AndroidManifest.xml:22:13-112
231            android:exported="false"
231-->[:flutter_inappwebview] AndroidManifest.xml:23:13-37
232            android:theme="@style/ThemeTransparent" />
232-->[:flutter_inappwebview] AndroidManifest.xml:24:13-52
233        <activity
233-->[:flutter_inappwebview] AndroidManifest.xml:25:9-28:55
234            android:name="com.pichillilorenzo.flutter_inappwebview.chrome_custom_tabs.TrustedWebActivity"
234-->[:flutter_inappwebview] AndroidManifest.xml:26:13-106
235            android:exported="false"
235-->[:flutter_inappwebview] AndroidManifest.xml:27:13-37
236            android:theme="@style/ThemeTransparent" />
236-->[:flutter_inappwebview] AndroidManifest.xml:28:13-52
237        <activity
237-->[:flutter_inappwebview] AndroidManifest.xml:29:9-33:55
238            android:name="com.pichillilorenzo.flutter_inappwebview.chrome_custom_tabs.ChromeCustomTabsActivitySingleInstance"
238-->[:flutter_inappwebview] AndroidManifest.xml:30:13-126
239            android:exported="false"
239-->[:flutter_inappwebview] AndroidManifest.xml:31:13-37
240            android:launchMode="singleInstance"
240-->[:flutter_inappwebview] AndroidManifest.xml:32:13-48
241            android:theme="@style/ThemeTransparent" />
241-->[:flutter_inappwebview] AndroidManifest.xml:33:13-52
242        <activity
242-->[:flutter_inappwebview] AndroidManifest.xml:34:9-38:55
243            android:name="com.pichillilorenzo.flutter_inappwebview.chrome_custom_tabs.TrustedWebActivitySingleInstance"
243-->[:flutter_inappwebview] AndroidManifest.xml:35:13-120
244            android:exported="false"
244-->[:flutter_inappwebview] AndroidManifest.xml:36:13-37
245            android:launchMode="singleInstance"
245-->[:flutter_inappwebview] AndroidManifest.xml:37:13-48
246            android:theme="@style/ThemeTransparent" />
246-->[:flutter_inappwebview] AndroidManifest.xml:38:13-52
247
248        <receiver
248-->[:flutter_inappwebview] AndroidManifest.xml:40:9-43:40
249            android:name="com.pichillilorenzo.flutter_inappwebview.chrome_custom_tabs.ActionBroadcastReceiver"
249-->[:flutter_inappwebview] AndroidManifest.xml:41:13-111
250            android:enabled="true"
250-->[:flutter_inappwebview] AndroidManifest.xml:42:13-35
251            android:exported="false" />
251-->[:flutter_inappwebview] AndroidManifest.xml:43:13-37
252
253        <meta-data
253-->[:flutter_inappwebview] AndroidManifest.xml:45:9-47:36
254            android:name="io.flutter.embedded_views_preview"
254-->[:flutter_inappwebview] AndroidManifest.xml:46:13-61
255            android:value="true" />
255-->[:flutter_inappwebview] AndroidManifest.xml:47:13-33
256        <!--
257           Declares a provider which allows us to store files to share in
258           '.../caches/share_plus' and grant the receiving action access
259        -->
260        <provider
260-->[:share_plus] AndroidManifest.xml:15:9-23:20
261            android:name="dev.fluttercommunity.plus.share.ShareFileProvider"
261-->[:share_plus] AndroidManifest.xml:16:13-77
262            android:authorities="com.mashtoc.mashtoc.flutter.share_provider"
262-->[:share_plus] AndroidManifest.xml:17:13-74
263            android:exported="false"
263-->[:share_plus] AndroidManifest.xml:18:13-37
264            android:grantUriPermissions="true" >
264-->[:share_plus] AndroidManifest.xml:19:13-47
265            <meta-data
265-->[:flutter_share_me] AndroidManifest.xml:22:13-24:54
266                android:name="android.support.FILE_PROVIDER_PATHS"
266-->[:flutter_share_me] AndroidManifest.xml:23:17-67
267                android:resource="@xml/flutter_share_file_paths" />
267-->[:flutter_share_me] AndroidManifest.xml:24:17-51
268        </provider>
269        <!--
270           This manifest declared broadcast receiver allows us to use an explicit
271           Intent when creating a PendingItent to be informed of the user's choice
272        -->
273        <receiver
273-->[:share_plus] AndroidManifest.xml:28:9-34:20
274            android:name="dev.fluttercommunity.plus.share.SharePlusPendingIntent"
274-->[:share_plus] AndroidManifest.xml:29:13-82
275            android:exported="true" >
275-->[:share_plus] AndroidManifest.xml:30:13-36
276            <intent-filter>
276-->[:share_plus] AndroidManifest.xml:31:13-33:29
277                <action android:name="EXTRA_CHOSEN_COMPONENT" />
277-->[:share_plus] AndroidManifest.xml:32:17-65
277-->[:share_plus] AndroidManifest.xml:32:25-62
278            </intent-filter>
279        </receiver>
280
281        <activity
281-->[:url_launcher_android] AndroidManifest.xml:10:9-13:74
282            android:name="io.flutter.plugins.urllauncher.WebViewActivity"
282-->[:url_launcher_android] AndroidManifest.xml:11:13-74
283            android:exported="false"
283-->[:url_launcher_android] AndroidManifest.xml:12:13-37
284            android:theme="@android:style/Theme.NoTitleBar.Fullscreen" />
284-->[:url_launcher_android] AndroidManifest.xml:13:13-71
285
286        <uses-library
286-->[androidx.window:window:1.0.0-beta04] AndroidManifest.xml:25:9-27:40
287            android:name="androidx.window.extensions"
287-->[androidx.window:window:1.0.0-beta04] AndroidManifest.xml:26:13-54
288            android:required="false" />
288-->[androidx.window:window:1.0.0-beta04] AndroidManifest.xml:27:13-37
289        <uses-library
289-->[androidx.window:window:1.0.0-beta04] AndroidManifest.xml:28:9-30:40
290            android:name="androidx.window.sidecar"
290-->[androidx.window:window:1.0.0-beta04] AndroidManifest.xml:29:13-51
291            android:required="false" />
291-->[androidx.window:window:1.0.0-beta04] AndroidManifest.xml:30:13-37
292
293        <activity android:name="com.facebook.CustomTabMainActivity" />
293-->[com.facebook.android:facebook-common:16.0.0] AndroidManifest.xml:26:9-71
293-->[com.facebook.android:facebook-common:16.0.0] AndroidManifest.xml:26:19-68
294        <activity
294-->[com.google.android.gms:play-services-auth:20.4.1] AndroidManifest.xml:23:9-27:75
295            android:name="com.google.android.gms.auth.api.signin.internal.SignInHubActivity"
295-->[com.google.android.gms:play-services-auth:20.4.1] AndroidManifest.xml:24:13-93
296            android:excludeFromRecents="true"
296-->[com.google.android.gms:play-services-auth:20.4.1] AndroidManifest.xml:25:13-46
297            android:exported="false"
297-->[com.google.android.gms:play-services-auth:20.4.1] AndroidManifest.xml:26:13-37
298            android:theme="@android:style/Theme.Translucent.NoTitleBar" />
298-->[com.google.android.gms:play-services-auth:20.4.1] AndroidManifest.xml:27:13-72
299        <!--
300            Service handling Google Sign-In user revocation. For apps that do not integrate with
301            Google Sign-In, this service will never be started.
302        -->
303        <service
303-->[com.google.android.gms:play-services-auth:20.4.1] AndroidManifest.xml:33:9-37:51
304            android:name="com.google.android.gms.auth.api.signin.RevocationBoundService"
304-->[com.google.android.gms:play-services-auth:20.4.1] AndroidManifest.xml:34:13-89
305            android:exported="true"
305-->[com.google.android.gms:play-services-auth:20.4.1] AndroidManifest.xml:35:13-36
306            android:permission="com.google.android.gms.auth.api.signin.permission.REVOCATION_NOTIFICATION"
306-->[com.google.android.gms:play-services-auth:20.4.1] AndroidManifest.xml:36:13-107
307            android:visibleToInstantApps="true" />
307-->[com.google.android.gms:play-services-auth:20.4.1] AndroidManifest.xml:37:13-48
308
309        <activity
309-->[com.google.firebase:firebase-auth:21.1.0] AndroidManifest.xml:27:9-44:20